<?xml version="1.0" encoding="UTF-8"?>
<!-- Generated by org.testng.reporters.JUnitReportReporter -->
<testsuite hostname="Sanket_Bhosale" failures="0" tests="5" name="TestNgpack.TestKeyword" time="0.015" errors="0" timestamp="2023-01-24T15:37:19 IST" skipped="0">
  <testcase classname="TestNgpack.TestKeyword" name="test3" time="0.006"/>
  <system-out/>
  <testcase classname="TestNgpack.TestKeyword" name="test1" time="0.000"/>
  <system-out/>
  <testcase classname="TestNgpack.TestKeyword" name="test1" time="0.000"/>
  <system-out/>
  <testcase classname="TestNgpack.TestKeyword" name="test4" time="0.009"/>
  <system-out/>
  <testcase classname="TestNgpack.TestKeyword" name="test2" time="0.000"/>
  <system-out/>
</testsuite> <!-- TestNgpack.TestKeyword -->
