<?xml version="1.0" encoding="UTF-8"?>
<!-- Generated by org.testng.reporters.JUnitReportReporter -->
<testsuite hostname="Sanket_Bhosale" failures="0" tests="2" name="TestNgpack.TestClass2" time="0.013" errors="0" timestamp="2023-01-25T14:55:52 IST" skipped="0">
  <testcase classname="TestNgpack.TestClass2" name="testC" time="0.007"/>
  <system-out/>
  <testcase classname="TestNgpack.TestClass2" name="testA" time="0.006"/>
  <system-out/>
</testsuite> <!-- TestNgpack.TestClass2 -->
