<?xml version="1.0" encoding="UTF-8"?>
<!-- Generated by org.testng.reporters.JUnitReportReporter -->
<testsuite hostname="Sanket_Bhosale" failures="0" tests="4" name="TestNgpack.TestClass3" time="0.045" errors="0" timestamp="2023-01-26T16:17:08 IST" skipped="0">
  <testcase classname="TestNgpack.TestClass3" name="test2" time="0.007"/>
  <system-out/>
  <testcase classname="TestNgpack.TestClass3" name="test3" time="0.003"/>
  <system-out/>
  <testcase classname="TestNgpack.TestClass3" name="test4" time="0.006"/>
  <system-out/>
  <testcase classname="TestNgpack.TestClass3" name="test1" time="0.029"/>
  <system-out/>
</testsuite> <!-- TestNgpack.TestClass3 -->
