<?xml version="1.0" encoding="UTF-8"?>
<!-- Generated by org.testng.reporters.JUnitReportReporter -->
<testsuite hostname="Sanket_Bhosale" failures="0" tests="2" name="TestNgpack.TestNgpack1" time="5.826" errors="0" timestamp="2023-01-28T14:01:39 IST" skipped="0">
  <testcase classname="TestNgpack.TestNgpack1" name="verifyTermLinkOnSignUpForm" time="3.844"/>
  <system-out/>
  <testcase classname="TestNgpack.TestNgpack1" name="verifyPrivacyPolicyLinkOnSignUpForm" time="1.982"/>
  <system-out/>
</testsuite> <!-- TestNgpack.TestNgpack1 -->
