<?xml version="1.0" encoding="UTF-8"?>
<!-- Generated by org.testng.reporters.JUnitReportReporter -->
<testsuite hostname="Sanket_Bhosale" failures="0" tests="4" name="TestNgpack.TestClass1" time="0.007" errors="0" timestamp="2023-01-25T14:55:52 IST" skipped="0">
  <testcase classname="TestNgpack.TestClass1" name="test2" time="0.002"/>
  <system-out/>
  <testcase classname="TestNgpack.TestClass1" name="test3" time="0.001"/>
  <system-out/>
  <testcase classname="TestNgpack.TestClass1" name="test4" time="0.003"/>
  <system-out/>
  <testcase classname="TestNgpack.TestClass1" name="test1" time="0.001"/>
  <system-out/>
</testsuite> <!-- TestNgpack.TestClass1 -->
