<?xml version="1.0" encoding="UTF-8"?>
<!-- Generated by org.testng.reporters.JUnitReportReporter -->
<testsuite hostname="Sanket_Bhosale" failures="0" tests="2" name="ParelleEx.AmazonLogin" time="19.286" errors="0" timestamp="2023-02-12T14:17:29 IST" skipped="0">
  <testcase classname="ParelleEx.AmazonLogin" name="test1" time="10.284"/>
  <system-out/>
  <testcase classname="ParelleEx.AmazonLogin" name="test1" time="9.002"/>
  <system-out/>
</testsuite> <!-- ParelleEx.AmazonLogin -->
