<?xml version="1.0" encoding="UTF-8"?>
<!-- Generated by org.testng.reporters.JUnitReportReporter -->
<testsuite hostname="Sanket_Bhosale" failures="0" tests="8" name="TestNgpack.TestClass4" time="0.044" errors="0" timestamp="2023-01-26T16:17:08 IST" skipped="0">
  <testcase classname="TestNgpack.TestClass4" name="testB" time="0.011"/>
  <system-out/>
  <testcase classname="TestNgpack.TestClass4" name="testC" time="0.006"/>
  <system-out/>
  <testcase classname="TestNgpack.TestClass4" name="testC" time="0.002"/>
  <system-out/>
  <testcase classname="TestNgpack.TestClass4" name="testB" time="0.005"/>
  <system-out/>
  <testcase classname="TestNgpack.TestClass4" name="testD" time="0.005"/>
  <system-out/>
  <testcase classname="TestNgpack.TestClass4" name="testD" time="0.002"/>
  <system-out/>
  <testcase classname="TestNgpack.TestClass4" name="testA" time="0.008"/>
  <system-out/>
  <testcase classname="TestNgpack.TestClass4" name="testA" time="0.005"/>
  <system-out/>
</testsuite> <!-- TestNgpack.TestClass4 -->
