<?xml version="1.0" encoding="UTF-8"?>
<!-- Generated by org.testng.reporters.JUnitReportReporter -->
<testsuite hostname="Sanket_Bhosale" failures="0" tests="1" name="TestNgpack.TestNgClass" time="28.275" errors="0" timestamp="2023-02-09T15:24:22 IST" skipped="0">
  <testcase classname="TestNgpack.TestNgClass" name="test1" time="28.275"/>
  <system-out/>
</testsuite> <!-- TestNgpack.TestNgClass -->
